2013-07-26 19:14:22.045 [info] <0.7.0> Application lager started on node helloworld@MaxMatrix
2013-07-26 19:14:22.091 [info] <0.66.0> Starting Boss in development mode....

2013-07-26 19:14:22.186 [info] <0.66.0> Starting master services on helloworld@MaxMatrix

2013-07-26 19:14:22.215 [info] <0.7.0> Application tinymq started on node helloworld@MaxMatrix
2013-07-26 19:14:22.324 [info] <0.66.0> SSL:[]

2013-07-26 19:14:22.343 [info] <0.7.0> Application boss started on node helloworld@MaxMatrix
2013-07-26 19:14:22.343 [info] <0.7.0> Application helloworld started on node helloworld@MaxMatrix
2013-07-26 19:14:22.379 [info] <0.151.0> Loading routes from "c:/Users/Ola/Downloads/helloworld/priv/helloworld.routes" ....
2013-07-26 19:14:39.194 [info] <0.151.0> Loading routes from "c:/Users/Ola/Downloads/helloworld/priv/helloworld.routes" ....
2013-07-26 19:14:39.209 [error] <0.133.0> GET / [helloworld] 404 16ms
2013-07-26 19:14:50.083 [info] <0.151.0> Loading routes from "c:/Users/Ola/Downloads/helloworld/priv/helloworld.routes" ....
2013-07-26 19:14:50.142 [info] <0.133.0> GET /index/index [helloworld] 200 59ms
2013-07-26 19:16:33.637 [info] <0.151.0> Loading routes from "c:/Users/Ola/Downloads/helloworld/priv/helloworld.routes" ....
2013-07-26 19:16:33.694 [info] <0.133.0> GET /index/index [helloworld] 200 57ms
2013-07-26 19:16:37.360 [info] <0.151.0> Loading routes from "c:/Users/Ola/Downloads/helloworld/priv/helloworld.routes" ....
2013-07-26 19:16:37.403 [info] <0.133.0> GET /index/index [helloworld] 200 44ms
2013-07-26 19:16:44.545 [error] <0.96.0> Supervisor poolboy_sup had child boss_session_controller started with boss_session_controller:start_link([{size,20},{max_overflow,40},{adapter,boss_session_adapter_mock},{session_exp_time,525600},{session_key,...}]) at undefined exit with reason shutdown in context shutdown_error
2013-07-26 19:17:02.791 [info] <0.7.0> Application lager started on node helloworld@MaxMatrix
2013-07-26 19:17:02.833 [info] <0.66.0> Starting Boss in development mode....

2013-07-26 19:17:02.916 [info] <0.66.0> Starting master services on helloworld@MaxMatrix

2013-07-26 19:17:02.941 [info] <0.7.0> Application tinymq started on node helloworld@MaxMatrix
2013-07-26 19:17:03.013 [info] <0.66.0> SSL:[]

2013-07-26 19:17:03.036 [info] <0.7.0> Application boss started on node helloworld@MaxMatrix
2013-07-26 19:17:03.037 [info] <0.7.0> Application helloworld started on node helloworld@MaxMatrix
2013-07-26 19:17:03.073 [info] <0.151.0> Loading routes from "c:/Users/Ola/Downloads/helloworld/priv/helloworld.routes" ....
2013-07-26 19:17:14.073 [info] <0.151.0> Loading routes from "c:/Users/Ola/Downloads/helloworld/priv/helloworld.routes" ....
2013-07-26 19:17:14.080 [error] <0.148.0> GET / [helloworld] 404 7ms
2013-07-26 19:17:20.367 [info] <0.151.0> Loading routes from "c:/Users/Ola/Downloads/helloworld/priv/helloworld.routes" ....
2013-07-26 19:17:20.437 [info] <0.148.0> GET /index/index [helloworld] 200 71ms
2013-07-26 19:19:16.488 [info] <0.7.0> Application lager started on node helloworld@MaxMatrix
2013-07-26 19:19:16.530 [info] <0.66.0> Starting Boss in development mode....

2013-07-26 19:19:16.620 [info] <0.66.0> Starting master services on helloworld@MaxMatrix

2013-07-26 19:19:16.644 [info] <0.7.0> Application tinymq started on node helloworld@MaxMatrix
2013-07-26 19:19:16.717 [info] <0.66.0> SSL:[]

2013-07-26 19:19:16.741 [info] <0.7.0> Application boss started on node helloworld@MaxMatrix
2013-07-26 19:19:16.742 [info] <0.7.0> Application helloworld started on node helloworld@MaxMatrix
2013-07-26 19:19:16.786 [info] <0.151.0> Loading routes from "c:/Users/Ola/Downloads/helloworld/priv/helloworld.routes" ....
2013-07-26 19:19:33.699 [info] <0.151.0> Loading routes from "c:/Users/Ola/Downloads/helloworld/priv/helloworld.routes" ....
2013-07-26 19:19:33.806 [info] <0.133.0> GET /index/index [helloworld] 200 107ms
2013-07-26 19:20:45.009 [info] <0.151.0> Loading routes from "c:/Users/Ola/Downloads/helloworld/priv/helloworld.routes" ....
2013-07-26 19:20:45.055 [info] <0.133.0> GET /index/index [helloworld] 200 46ms
2013-07-26 19:20:50.416 [info] <0.151.0> Loading routes from "c:/Users/Ola/Downloads/helloworld/priv/helloworld.routes" ....
2013-07-26 19:20:50.464 [info] <0.133.0> GET /index/index [helloworld] 200 47ms
2013-07-26 19:20:57.092 [error] <0.96.0> Supervisor poolboy_sup had child boss_session_controller started with boss_session_controller:start_link([{size,20},{max_overflow,40},{adapter,boss_session_adapter_mock},{session_exp_time,525600},{session_key,...}]) at undefined exit with reason shutdown in context shutdown_error
2013-07-26 19:21:27.480 [info] <0.7.0> Application lager started on node helloworld@MaxMatrix
2013-07-26 19:21:27.524 [info] <0.66.0> Starting Boss in development mode....

2013-07-26 19:21:27.615 [info] <0.66.0> Starting master services on helloworld@MaxMatrix

2013-07-26 19:21:27.641 [info] <0.7.0> Application tinymq started on node helloworld@MaxMatrix
2013-07-26 19:21:27.714 [info] <0.66.0> SSL:[]

2013-07-26 19:21:27.742 [info] <0.7.0> Application boss started on node helloworld@MaxMatrix
2013-07-26 19:21:27.743 [info] <0.7.0> Application helloworld started on node helloworld@MaxMatrix
2013-07-26 19:21:27.795 [info] <0.151.0> Loading routes from "c:/Users/Ola/Downloads/helloworld/priv/helloworld.routes" ....
2013-07-26 19:21:44.143 [info] <0.151.0> Loading routes from "c:/Users/Ola/Downloads/helloworld/priv/helloworld.routes" ....
2013-07-26 19:21:44.206 [info] <0.148.0> GET /index/index [helloworld] 200 63ms
2013-07-26 19:22:19.522 [error] <0.96.0> Supervisor poolboy_sup had child boss_session_controller started with boss_session_controller:start_link([{size,20},{max_overflow,40},{adapter,boss_session_adapter_mock},{session_exp_time,525600},{session_key,...}]) at undefined exit with reason shutdown in context shutdown_error
2013-07-26 19:22:34.993 [info] <0.7.0> Application lager started on node helloworld@MaxMatrix
2013-07-26 19:22:35.035 [info] <0.66.0> Starting Boss in development mode....

2013-07-26 19:22:35.125 [info] <0.66.0> Starting master services on helloworld@MaxMatrix

2013-07-26 19:22:35.151 [info] <0.7.0> Application tinymq started on node helloworld@MaxMatrix
2013-07-26 19:22:35.224 [info] <0.66.0> SSL:[]

2013-07-26 19:22:35.246 [info] <0.7.0> Application boss started on node helloworld@MaxMatrix
2013-07-26 19:22:35.247 [info] <0.7.0> Application helloworld started on node helloworld@MaxMatrix
2013-07-26 19:22:35.295 [info] <0.151.0> Loading routes from "c:/Users/Ola/Downloads/helloworld/priv/helloworld.routes" ....
2013-07-26 19:22:37.156 [info] <0.151.0> Loading routes from "c:/Users/Ola/Downloads/helloworld/priv/helloworld.routes" ....
2013-07-26 19:22:37.219 [info] <0.133.0> GET /index/index [helloworld] 200 63ms
2013-07-26 19:22:49.187 [info] <0.151.0> Loading routes from "c:/Users/Ola/Downloads/helloworld/priv/helloworld.routes" ....
2013-07-26 19:22:49.245 [info] <0.134.0> GET /index/index [helloworld] 200 59ms
2013-07-26 19:24:05.573 [info] <0.151.0> Loading routes from "c:/Users/Ola/Downloads/helloworld/priv/helloworld.routes" ....
2013-07-26 19:24:05.623 [info] <0.134.0> GET /index/index [helloworld] 200 50ms
2013-07-26 19:24:21.612 [info] <0.151.0> Loading routes from "c:/Users/Ola/Downloads/helloworld/priv/helloworld.routes" ....
2013-07-26 19:24:21.659 [info] <0.134.0> GET /index/index [helloworld] 200 47ms
2013-07-26 19:24:46.386 [info] <0.151.0> Loading routes from "c:/Users/Ola/Downloads/helloworld/priv/helloworld.routes" ....
2013-07-26 19:24:46.434 [info] <0.134.0> GET /index/index [helloworld] 200 48ms
2013-07-26 19:25:45.946 [info] <0.151.0> Loading routes from "c:/Users/Ola/Downloads/helloworld/priv/helloworld.routes" ....
2013-07-26 19:25:45.994 [info] <0.134.0> GET /index/index [helloworld] 200 48ms
2013-07-26 19:25:55.929 [info] <0.151.0> Loading routes from "c:/Users/Ola/Downloads/helloworld/priv/helloworld.routes" ....
2013-07-26 19:25:55.977 [info] <0.134.0> GET /index/index [helloworld] 200 48ms
2013-07-26 19:26:39.688 [info] <0.151.0> Loading routes from "c:/Users/Ola/Downloads/helloworld/priv/helloworld.routes" ....
2013-07-26 19:26:39.740 [info] <0.134.0> GET /index/index [helloworld] 200 51ms
2013-07-26 19:38:57.425 [info] <0.7.0> Application lager started on node helloworld@MaxMatrix
2013-07-26 19:38:57.470 [info] <0.66.0> Starting Boss in development mode....

2013-07-26 19:38:57.567 [info] <0.66.0> Starting master services on helloworld@MaxMatrix

2013-07-26 19:38:57.593 [info] <0.7.0> Application tinymq started on node helloworld@MaxMatrix
2013-07-26 19:38:57.685 [info] <0.66.0> SSL:[]

2013-07-26 19:38:57.710 [info] <0.7.0> Application boss started on node helloworld@MaxMatrix
2013-07-26 19:38:57.711 [info] <0.7.0> Application helloworld started on node helloworld@MaxMatrix
2013-07-26 19:38:57.743 [info] <0.151.0> Loading routes from "c:/Users/Ola/Downloads/helloworld/priv/helloworld.routes" ....
2013-07-26 19:39:14.308 [info] <0.151.0> Loading routes from "c:/Users/Ola/Downloads/helloworld/priv/helloworld.routes" ....
2013-07-26 19:39:14.319 [error] <0.133.0> GET / [helloworld] 404 11ms
2013-07-26 19:39:25.493 [info] <0.151.0> Loading routes from "c:/Users/Ola/Downloads/helloworld/priv/helloworld.routes" ....
2013-07-26 19:39:25.517 [error] <0.133.0> {{case_clause,undefined},[{boss_controller_adapter_pmod,init,5,[{file,"src/boss/controller_adapters/boss_controller_adapter_pmod.erl"},{line,14}]},{boss_web_controller,execute_action,5,[{file,"src/boss/boss_web_controller.erl"},{line,782}]},{boss_web_controller,process_dynamic_request,5,[{file,"src/boss/boss_web_controller.erl"},{line,543}]},{boss_web_controller,process_request,5,[{file,"src/boss/boss_web_controller.erl"},{line,532}]},{timer,tc,3,[{file,"timer.erl"},{line,194}]},{boss_web_controller,build_dynamic_response,4,[{file,"src/boss/boss_web_controller.erl"},{line,462}]},{mochiweb_http,headers,5,[{file,"src/mochiweb_http.erl"},{line,94}]},{proc_lib,init_p_do_apply,3,[{file,"proc_lib.erl"},{line,239}]}]}
2013-07-26 19:39:25.813 [error] <0.133.0> GET /index/index [helloworld] 500 56ms
2013-07-26 19:40:39.522 [info] <0.151.0> Loading routes from "c:/Users/Ola/Downloads/helloworld/priv/helloworld.routes" ....
2013-07-26 19:40:39.537 [error] <0.135.0> {{case_clause,undefined},[{boss_controller_adapter_pmod,init,5,[{file,"src/boss/controller_adapters/boss_controller_adapter_pmod.erl"},{line,14}]},{boss_web_controller,execute_action,5,[{file,"src/boss/boss_web_controller.erl"},{line,782}]},{boss_web_controller,process_dynamic_request,5,[{file,"src/boss/boss_web_controller.erl"},{line,543}]},{boss_web_controller,process_request,5,[{file,"src/boss/boss_web_controller.erl"},{line,532}]},{timer,tc,3,[{file,"timer.erl"},{line,194}]},{boss_web_controller,build_dynamic_response,4,[{file,"src/boss/boss_web_controller.erl"},{line,462}]},{mochiweb_http,headers,5,[{file,"src/mochiweb_http.erl"},{line,94}]},{proc_lib,init_p_do_apply,3,[{file,"proc_lib.erl"},{line,239}]}]}
2013-07-26 19:40:39.628 [error] <0.135.0> GET /index/index [helloworld] 500 21ms
2013-07-26 19:42:20.295 [info] <0.7.0> Application lager started on node helloworld@MaxMatrix
2013-07-26 19:42:20.339 [info] <0.66.0> Starting Boss in development mode....

2013-07-26 19:42:20.429 [info] <0.66.0> Starting master services on helloworld@MaxMatrix

2013-07-26 19:42:20.457 [info] <0.7.0> Application tinymq started on node helloworld@MaxMatrix
2013-07-26 19:42:20.545 [info] <0.66.0> SSL:[]

2013-07-26 19:42:20.569 [info] <0.7.0> Application boss started on node helloworld@MaxMatrix
2013-07-26 19:42:20.570 [info] <0.7.0> Application helloworld started on node helloworld@MaxMatrix
2013-07-26 19:42:20.606 [info] <0.151.0> Loading routes from "c:/Users/Ola/Downloads/helloworld/priv/helloworld.routes" ....
2013-07-26 19:42:25.922 [info] <0.151.0> Loading routes from "c:/Users/Ola/Downloads/helloworld/priv/helloworld.routes" ....
2013-07-26 19:42:25.981 [info] <0.133.0> GET /index/index [helloworld] 200 59ms
2013-07-26 19:42:52.980 [info] <0.151.0> Loading routes from "c:/Users/Ola/Downloads/helloworld/priv/helloworld.routes" ....
2013-07-26 19:42:53.007 [info] <0.133.0> GET /index/index [helloworld] 200 27ms
2013-07-26 19:43:04.259 [info] <0.151.0> Loading routes from "c:/Users/Ola/Downloads/helloworld/priv/helloworld.routes" ....
2013-07-26 19:43:04.297 [info] <0.133.0> GET /index/index [helloworld] 200 38ms
2013-07-26 19:43:14.427 [info] <0.151.0> Loading routes from "c:/Users/Ola/Downloads/helloworld/priv/helloworld.routes" ....
2013-07-26 19:43:14.472 [info] <0.133.0> GET /index/index [helloworld] 200 44ms
2013-07-26 19:43:36.476 [info] <0.151.0> Loading routes from "c:/Users/Ola/Downloads/helloworld/priv/helloworld.routes" ....
2013-07-26 19:43:36.507 [info] <0.133.0> GET /index/index [helloworld] 200 32ms
2013-07-26 19:43:39.708 [info] <0.151.0> Loading routes from "c:/Users/Ola/Downloads/helloworld/priv/helloworld.routes" ....
2013-07-26 19:43:39.734 [info] <0.133.0> GET /index/index [helloworld] 200 26ms
2013-07-26 19:45:48.785 [info] <0.151.0> Loading routes from "c:/Users/Ola/Downloads/helloworld/priv/helloworld.routes" ....
2013-07-26 19:45:48.810 [info] <0.157.0> GET /index/index [helloworld] 200 24ms
2013-07-26 19:50:32.845 [info] <0.7.0> Application lager started on node helloworld@MaxMatrix
2013-07-26 19:50:32.890 [info] <0.66.0> Starting Boss in development mode....

2013-07-26 19:50:32.986 [info] <0.66.0> Starting master services on helloworld@MaxMatrix

2013-07-26 19:50:33.012 [info] <0.7.0> Application tinymq started on node helloworld@MaxMatrix
2013-07-26 19:50:33.114 [info] <0.66.0> SSL:[]

2013-07-26 19:50:33.137 [info] <0.7.0> Application boss started on node helloworld@MaxMatrix
2013-07-26 19:50:33.138 [info] <0.7.0> Application helloworld started on node helloworld@MaxMatrix
2013-07-26 19:50:33.169 [info] <0.151.0> Loading routes from "c:/Users/Ola/Downloads/helloworld/priv/helloworld.routes" ....
2013-07-26 19:50:50.364 [info] <0.151.0> Loading routes from "c:/Users/Ola/Downloads/helloworld/priv/helloworld.routes" ....
2013-07-26 19:50:50.372 [error] <0.133.0> GET / [helloworld] 404 9ms
2013-07-26 19:51:04.188 [info] <0.151.0> Loading routes from "c:/Users/Ola/Downloads/helloworld/priv/helloworld.routes" ....
2013-07-26 19:51:04.235 [info] <0.133.0> GET /index/index [helloworld] 200 47ms
2013-07-26 19:52:33.653 [error] <0.96.0> Supervisor poolboy_sup had child boss_session_controller started with boss_session_controller:start_link([{size,20},{max_overflow,40},{adapter,boss_session_adapter_mock},{session_exp_time,525600},{session_key,...}]) at undefined exit with reason shutdown in context shutdown_error
2013-07-26 19:52:42.439 [info] <0.7.0> Application lager started on node helloworld@MaxMatrix
2013-07-26 19:52:42.484 [info] <0.66.0> Starting Boss in development mode....

2013-07-26 19:52:42.581 [info] <0.66.0> Starting master services on helloworld@MaxMatrix

2013-07-26 19:52:42.616 [info] <0.7.0> Application tinymq started on node helloworld@MaxMatrix
2013-07-26 19:52:42.694 [info] <0.66.0> SSL:[]

2013-07-26 19:52:42.722 [info] <0.7.0> Application boss started on node helloworld@MaxMatrix
2013-07-26 19:52:42.724 [info] <0.7.0> Application helloworld started on node helloworld@MaxMatrix
2013-07-26 19:52:42.760 [info] <0.151.0> Loading routes from "c:/Users/Ola/Downloads/helloworld/priv/helloworld.routes" ....
2013-07-26 19:52:57.335 [info] <0.151.0> Loading routes from "c:/Users/Ola/Downloads/helloworld/priv/helloworld.routes" ....
2013-07-26 19:52:57.386 [info] <0.148.0> GET / [helloworld] 200 52ms
2013-09-28 14:59:37.212 [info] <0.7.0> Application lager started on node helloworld@MaxMatrix
2013-09-28 14:59:37.253 [info] <0.66.0> Starting Boss in development mode....

2013-09-28 14:59:37.327 [info] <0.66.0> Starting master services on helloworld@MaxMatrix

2013-09-28 14:59:37.348 [info] <0.7.0> Application tinymq started on node helloworld@MaxMatrix
2013-09-28 14:59:37.485 [info] <0.66.0> SSL:[]

2013-09-28 14:59:37.507 [info] <0.7.0> Application boss started on node helloworld@MaxMatrix
2013-09-28 14:59:37.507 [info] <0.7.0> Application helloworld started on node helloworld@MaxMatrix
2013-09-28 14:59:37.538 [info] <0.151.0> Loading routes from "c:/Users/Ola/Documents/GitHub/ErlangCodes/Erlang_chicagoboss_helloworld/helloworld/priv/helloworld.routes" ....
2013-09-28 15:00:32.825 [info] <0.151.0> Loading routes from "c:/Users/Ola/Documents/GitHub/ErlangCodes/Erlang_chicagoboss_helloworld/helloworld/priv/helloworld.routes" ....
2013-09-28 15:00:32.881 [info] <0.148.0> GET / [helloworld] 200 57ms
2013-09-28 15:02:08.191 [error] <0.96.0> Supervisor poolboy_sup had child boss_session_controller started with boss_session_controller:start_link([{size,20},{max_overflow,40},{adapter,boss_session_adapter_mock},{session_exp_time,525600},{session_key,...}]) at undefined exit with reason shutdown in context shutdown_error
2013-10-07 19:54:48.100 [info] <0.7.0> Application lager started on node 'helloworld@Ola-Win8'
2013-10-07 19:54:48.163 [info] <0.66.0> Starting Boss in development mode....

2013-10-07 19:54:48.269 [info] <0.66.0> Starting master services on 'helloworld@Ola-Win8'

2013-10-07 19:54:48.295 [info] <0.7.0> Application tinymq started on node 'helloworld@Ola-Win8'
2013-10-07 19:54:48.720 [info] <0.66.0> SSL:[]

2013-10-07 19:54:48.751 [info] <0.7.0> Application boss started on node 'helloworld@Ola-Win8'
2013-10-07 19:54:48.752 [info] <0.7.0> Application helloworld started on node 'helloworld@Ola-Win8'
2013-10-07 19:54:48.787 [info] <0.151.0> Loading routes from "c:/Users/ola/Documents/GitHub/ErlangCodes/Erlang_chicagoboss_helloworld/helloworld/priv/helloworld.routes" ....
2013-10-07 19:56:57.075 [info] <0.151.0> Loading routes from "c:/Users/ola/Documents/GitHub/ErlangCodes/Erlang_chicagoboss_helloworld/helloworld/priv/helloworld.routes" ....
2013-10-07 19:56:57.128 [info] <0.148.0> GET / [helloworld] 200 53ms
2013-10-07 20:14:33.703 [info] <0.7.0> Application lager started on node 'helloworld@Ola-Win8'
2013-10-07 20:14:33.750 [info] <0.66.0> Starting Boss in development mode....

2013-10-07 20:14:33.844 [info] <0.66.0> Starting master services on 'helloworld@Ola-Win8'

2013-10-07 20:14:33.880 [info] <0.7.0> Application tinymq started on node 'helloworld@Ola-Win8'
2013-10-07 20:14:33.957 [info] <0.66.0> SSL:[]

2013-10-07 20:14:33.987 [info] <0.7.0> Application boss started on node 'helloworld@Ola-Win8'
2013-10-07 20:14:33.988 [info] <0.7.0> Application helloworld started on node 'helloworld@Ola-Win8'
2013-10-07 20:14:34.021 [info] <0.151.0> Loading routes from "c:/Users/ola/Documents/GitHub/ErlangCodes/Erlang_chicagoboss_helloworld/helloworld/priv/helloworld.routes" ....
2013-10-07 20:14:50.573 [info] <0.151.0> Loading routes from "c:/Users/ola/Documents/GitHub/ErlangCodes/Erlang_chicagoboss_helloworld/helloworld/priv/helloworld.routes" ....
2013-10-07 20:14:50.626 [info] <0.133.0> GET / [helloworld] 200 53ms
2013-10-07 20:14:50.668 [info] <0.151.0> Loading routes from "c:/Users/ola/Documents/GitHub/ErlangCodes/Erlang_chicagoboss_helloworld/helloworld/priv/helloworld.routes" ....
2013-10-07 20:14:50.675 [info] <0.151.0> Loading routes from "c:/Users/ola/Documents/GitHub/ErlangCodes/Erlang_chicagoboss_helloworld/helloworld/priv/helloworld.routes" ....
2013-10-07 20:14:50.683 [info] <0.151.0> Loading routes from "c:/Users/ola/Documents/GitHub/ErlangCodes/Erlang_chicagoboss_helloworld/helloworld/priv/helloworld.routes" ....
2013-10-07 20:14:50.684 [error] <0.134.0> GET /stylesheets/styledform.css [helloworld] 404 10ms
2013-10-07 20:14:50.839 [error] <0.135.0> GET /stylesheets/functions.js [helloworld] 404 10ms
2013-10-07 20:14:50.884 [error] <0.133.0> GET /stylesheets/firstndb.css [helloworld] 404 19ms
2013-10-07 20:25:53.085 [info] <0.7.0> Application lager started on node 'helloworld@Ola-Win8'
2013-10-07 20:25:53.131 [info] <0.66.0> Starting Boss in development mode....

2013-10-07 20:25:53.225 [info] <0.66.0> Starting master services on 'helloworld@Ola-Win8'

2013-10-07 20:25:53.253 [info] <0.7.0> Application tinymq started on node 'helloworld@Ola-Win8'
2013-10-07 20:25:53.336 [info] <0.66.0> SSL:[]

2013-10-07 20:25:53.367 [info] <0.7.0> Application boss started on node 'helloworld@Ola-Win8'
2013-10-07 20:25:53.368 [info] <0.7.0> Application helloworld started on node 'helloworld@Ola-Win8'
2013-10-07 20:25:53.401 [info] <0.151.0> Loading routes from "c:/Users/ola/Documents/GitHub/ErlangCodes/Erlang_chicagoboss_helloworld/helloworld/priv/helloworld.routes" ....
2013-10-07 20:26:09.588 [info] <0.151.0> Loading routes from "c:/Users/ola/Documents/GitHub/ErlangCodes/Erlang_chicagoboss_helloworld/helloworld/priv/helloworld.routes" ....
2013-10-07 20:26:09.649 [info] <0.148.0> GET / [helloworld] 200 62ms
2013-10-07 20:26:09.694 [info] <0.151.0> Loading routes from "c:/Users/ola/Documents/GitHub/ErlangCodes/Erlang_chicagoboss_helloworld/helloworld/priv/helloworld.routes" ....
2013-10-07 20:26:09.706 [info] <0.151.0> Loading routes from "c:/Users/ola/Documents/GitHub/ErlangCodes/Erlang_chicagoboss_helloworld/helloworld/priv/helloworld.routes" ....
2013-10-07 20:26:09.708 [error] <0.148.0> GET /stylesheets/firstndb.css [helloworld] 404 12ms
2013-10-07 20:26:09.793 [info] <0.151.0> Loading routes from "c:/Users/ola/Documents/GitHub/ErlangCodes/Erlang_chicagoboss_helloworld/helloworld/priv/helloworld.routes" ....
2013-10-07 20:26:09.795 [error] <0.133.0> GET /stylesheets/functions.js [helloworld] 404 94ms
2013-10-07 20:26:09.848 [error] <0.157.0> GET /stylesheets/styledform.css [helloworld] 404 96ms
2013-10-07 20:28:51.698 [info] <0.7.0> Application lager started on node 'helloworld@Ola-Win8'
2013-10-07 20:28:51.749 [info] <0.66.0> Starting Boss in development mode....

2013-10-07 20:28:51.846 [info] <0.66.0> Starting master services on 'helloworld@Ola-Win8'

2013-10-07 20:28:51.876 [info] <0.7.0> Application tinymq started on node 'helloworld@Ola-Win8'
2013-10-07 20:28:51.969 [info] <0.66.0> SSL:[]

2013-10-07 20:28:51.998 [info] <0.7.0> Application boss started on node 'helloworld@Ola-Win8'
2013-10-07 20:28:51.999 [info] <0.7.0> Application helloworld started on node 'helloworld@Ola-Win8'
2013-10-07 20:28:52.030 [info] <0.151.0> Loading routes from "c:/Users/ola/Documents/GitHub/ErlangCodes/Erlang_chicagoboss_helloworld/helloworld/priv/helloworld.routes" ....
2013-10-07 20:29:06.651 [info] <0.151.0> Loading routes from "c:/Users/ola/Documents/GitHub/ErlangCodes/Erlang_chicagoboss_helloworld/helloworld/priv/helloworld.routes" ....
2013-10-07 20:29:06.704 [info] <0.148.0> GET / [helloworld] 200 53ms
2013-10-07 20:29:06.743 [info] <0.151.0> Loading routes from "c:/Users/ola/Documents/GitHub/ErlangCodes/Erlang_chicagoboss_helloworld/helloworld/priv/helloworld.routes" ....
2013-10-07 20:29:06.756 [info] <0.151.0> Loading routes from "c:/Users/ola/Documents/GitHub/ErlangCodes/Erlang_chicagoboss_helloworld/helloworld/priv/helloworld.routes" ....
2013-10-07 20:29:06.757 [error] <0.148.0> GET /stylesheets/firstndb.css [helloworld] 404 14ms
2013-10-07 20:29:06.907 [error] <0.147.0> GET /stylesheets/styledform.css [helloworld] 404 107ms
2013-10-07 20:29:06.974 [info] <0.151.0> Loading routes from "c:/Users/ola/Documents/GitHub/ErlangCodes/Erlang_chicagoboss_helloworld/helloworld/priv/helloworld.routes" ....
2013-10-07 20:29:06.974 [info] <0.151.0> Loading routes from "c:/Users/ola/Documents/GitHub/ErlangCodes/Erlang_chicagoboss_helloworld/helloworld/priv/helloworld.routes" ....
2013-10-07 20:29:06.975 [info] <0.151.0> Loading routes from "c:/Users/ola/Documents/GitHub/ErlangCodes/Erlang_chicagoboss_helloworld/helloworld/priv/helloworld.routes" ....
2013-10-07 20:29:06.975 [error] <0.146.0> GET /firstndb.css [helloworld] 404 105ms
2013-10-07 20:29:07.041 [error] <0.144.0> GET /stylesheets/functions.js [helloworld] 404 106ms
2013-10-07 20:29:07.107 [error] <0.145.0> GET /styledform.css [helloworld] 404 107ms
2013-10-07 20:37:29.341 [info] <0.7.0> Application lager started on node 'helloworld@Ola-Win8'
2013-10-07 20:37:29.388 [info] <0.66.0> Starting Boss in development mode....

2013-10-07 20:37:29.474 [info] <0.66.0> Starting master services on 'helloworld@Ola-Win8'

2013-10-07 20:37:29.506 [info] <0.7.0> Application tinymq started on node 'helloworld@Ola-Win8'
2013-10-07 20:37:29.588 [info] <0.66.0> SSL:[]

2013-10-07 20:37:29.618 [info] <0.7.0> Application boss started on node 'helloworld@Ola-Win8'
2013-10-07 20:37:29.620 [info] <0.7.0> Application helloworld started on node 'helloworld@Ola-Win8'
2013-10-07 20:37:29.652 [info] <0.151.0> Loading routes from "c:/Users/ola/Documents/GitHub/ErlangCodes/Erlang_chicagoboss_helloworld/helloworld/priv/helloworld.routes" ....
2013-10-07 20:38:03.695 [info] <0.151.0> Loading routes from "c:/Users/ola/Documents/GitHub/ErlangCodes/Erlang_chicagoboss_helloworld/helloworld/priv/helloworld.routes" ....
2013-10-07 20:38:03.764 [info] <0.133.0> GET / [helloworld] 200 69ms
2013-10-07 20:38:03.842 [info] <0.151.0> Loading routes from "c:/Users/ola/Documents/GitHub/ErlangCodes/Erlang_chicagoboss_helloworld/helloworld/priv/helloworld.routes" ....
2013-10-07 20:38:03.854 [error] <0.148.0> GET /stylesheets/functions.js [helloworld] 404 13ms
2013-10-07 20:38:37.179 [error] <0.96.0> Supervisor poolboy_sup had child boss_session_controller started with boss_session_controller:start_link([{size,20},{max_overflow,40},{adapter,boss_session_adapter_mock},{session_exp_time,525600},{session_key,...}]) at undefined exit with reason shutdown in context shutdown_error
2013-10-07 20:40:18.281 [info] <0.7.0> Application lager started on node 'helloworld@Ola-Win8'
2013-10-07 20:40:18.332 [info] <0.66.0> Starting Boss in development mode....

2013-10-07 20:40:18.433 [info] <0.66.0> Starting master services on 'helloworld@Ola-Win8'

2013-10-07 20:40:18.469 [info] <0.7.0> Application tinymq started on node 'helloworld@Ola-Win8'
2013-10-07 20:40:18.538 [info] <0.66.0> SSL:[]

2013-10-07 20:40:18.567 [info] <0.7.0> Application boss started on node 'helloworld@Ola-Win8'
2013-10-07 20:40:18.568 [info] <0.7.0> Application helloworld started on node 'helloworld@Ola-Win8'
2013-10-07 20:40:18.601 [info] <0.151.0> Loading routes from "c:/Users/ola/Documents/GitHub/ErlangCodes/Erlang_chicagoboss_helloworld/helloworld/priv/helloworld.routes" ....
2013-10-07 20:40:29.956 [info] <0.151.0> Loading routes from "c:/Users/ola/Documents/GitHub/ErlangCodes/Erlang_chicagoboss_helloworld/helloworld/priv/helloworld.routes" ....
2013-10-07 20:40:30.008 [info] <0.148.0> GET / [helloworld] 200 52ms
2013-10-07 20:40:30.048 [info] <0.151.0> Loading routes from "c:/Users/ola/Documents/GitHub/ErlangCodes/Erlang_chicagoboss_helloworld/helloworld/priv/helloworld.routes" ....
2013-10-07 20:40:30.058 [error] <0.146.0> GET /stylesheets/functions.js [helloworld] 404 11ms
2013-10-07 20:44:01.140 [info] <0.7.0> Application lager started on node 'helloworld@Ola-Win8'
2013-10-07 20:44:01.185 [info] <0.66.0> Starting Boss in development mode....

2013-10-07 20:44:01.273 [info] <0.66.0> Starting master services on 'helloworld@Ola-Win8'

2013-10-07 20:44:01.306 [info] <0.7.0> Application tinymq started on node 'helloworld@Ola-Win8'
2013-10-07 20:44:01.384 [info] <0.66.0> SSL:[]

2013-10-07 20:44:01.414 [info] <0.7.0> Application boss started on node 'helloworld@Ola-Win8'
2013-10-07 20:44:01.415 [info] <0.7.0> Application helloworld started on node 'helloworld@Ola-Win8'
2013-10-07 20:44:01.445 [info] <0.151.0> Loading routes from "c:/Users/ola/Documents/GitHub/ErlangCodes/Erlang_chicagoboss_helloworld/helloworld/priv/helloworld.routes" ....
2013-10-07 20:44:12.397 [info] <0.151.0> Loading routes from "c:/Users/ola/Documents/GitHub/ErlangCodes/Erlang_chicagoboss_helloworld/helloworld/priv/helloworld.routes" ....
2013-10-07 20:44:12.471 [info] <0.148.0> GET / [helloworld] 200 74ms
2013-10-07 20:44:15.501 [info] <0.151.0> Loading routes from "c:/Users/ola/Documents/GitHub/ErlangCodes/Erlang_chicagoboss_helloworld/helloworld/priv/helloworld.routes" ....
2013-10-07 20:44:15.510 [error] <0.148.0> GET /js/ [helloworld] 404 10ms
2013-10-07 20:44:19.661 [info] <0.151.0> Loading routes from "c:/Users/ola/Documents/GitHub/ErlangCodes/Erlang_chicagoboss_helloworld/helloworld/priv/helloworld.routes" ....
2013-10-07 20:44:19.665 [error] <0.148.0> GET /css/ [helloworld] 404 3ms
2013-10-07 20:46:18.545 [info] <0.7.0> Application lager started on node 'helloworld@Ola-Win8'
2013-10-07 20:46:18.590 [info] <0.66.0> Starting Boss in development mode....

2013-10-07 20:46:18.675 [info] <0.66.0> Starting master services on 'helloworld@Ola-Win8'

2013-10-07 20:46:18.703 [info] <0.7.0> Application tinymq started on node 'helloworld@Ola-Win8'
2013-10-07 20:46:18.783 [info] <0.66.0> SSL:[]

2013-10-07 20:46:18.815 [info] <0.7.0> Application boss started on node 'helloworld@Ola-Win8'
2013-10-07 20:46:18.816 [info] <0.7.0> Application helloworld started on node 'helloworld@Ola-Win8'
2013-10-07 20:46:18.848 [info] <0.151.0> Loading routes from "c:/Users/ola/Documents/GitHub/ErlangCodes/Erlang_chicagoboss_helloworld/helloworld/priv/helloworld.routes" ....
2013-10-07 20:46:27.279 [info] <0.151.0> Loading routes from "c:/Users/ola/Documents/GitHub/ErlangCodes/Erlang_chicagoboss_helloworld/helloworld/priv/helloworld.routes" ....
2013-10-07 20:46:27.331 [info] <0.133.0> GET / [helloworld] 200 53ms
2013-10-07 20:46:28.863 [info] <0.151.0> Loading routes from "c:/Users/ola/Documents/GitHub/ErlangCodes/Erlang_chicagoboss_helloworld/helloworld/priv/helloworld.routes" ....
2013-10-07 20:46:28.921 [error] <0.133.0> GET /index/index.html [helloworld] 404 57ms
2013-10-07 20:46:36.374 [info] <0.151.0> Loading routes from "c:/Users/ola/Documents/GitHub/ErlangCodes/Erlang_chicagoboss_helloworld/helloworld/priv/helloworld.routes" ....
2013-10-07 20:46:36.410 [info] <0.133.0> GET /index/index [helloworld] 200 35ms
2013-10-07 20:47:14.821 [info] <0.151.0> Loading routes from "c:/Users/ola/Documents/GitHub/ErlangCodes/Erlang_chicagoboss_helloworld/helloworld/priv/helloworld.routes" ....
2013-10-07 20:47:14.883 [error] <0.133.0> GET /index/index.html [helloworld] 404 62ms
2013-10-07 20:47:19.325 [info] <0.151.0> Loading routes from "c:/Users/ola/Documents/GitHub/ErlangCodes/Erlang_chicagoboss_helloworld/helloworld/priv/helloworld.routes" ....
2013-10-07 20:47:19.386 [error] <0.133.0> GET /index/index.html [helloworld] 404 61ms
2013-10-07 20:47:23.360 [info] <0.151.0> Loading routes from "c:/Users/ola/Documents/GitHub/ErlangCodes/Erlang_chicagoboss_helloworld/helloworld/priv/helloworld.routes" ....
2013-10-07 20:47:23.395 [info] <0.133.0> GET / [helloworld] 200 34ms
2013-10-07 20:47:24.673 [info] <0.151.0> Loading routes from "c:/Users/ola/Documents/GitHub/ErlangCodes/Erlang_chicagoboss_helloworld/helloworld/priv/helloworld.routes" ....
2013-10-07 20:47:24.708 [info] <0.133.0> GET /index/index [helloworld] 200 34ms
2013-10-07 20:53:20.714 [info] <0.151.0> Loading routes from "c:/Users/ola/Documents/GitHub/ErlangCodes/Erlang_chicagoboss_helloworld/helloworld/priv/helloworld.routes" ....
2013-10-07 20:53:20.763 [info] <0.145.0> GET /index/index [helloworld] 200 50ms
2013-10-07 20:53:23.314 [info] <0.151.0> Loading routes from "c:/Users/ola/Documents/GitHub/ErlangCodes/Erlang_chicagoboss_helloworld/helloworld/priv/helloworld.routes" ....
2013-10-07 20:53:23.322 [error] <0.145.0> GET /css/ [helloworld] 404 8ms
2013-10-07 20:54:07.867 [info] <0.151.0> Loading routes from "c:/Users/ola/Documents/GitHub/ErlangCodes/Erlang_chicagoboss_helloworld/helloworld/priv/helloworld.routes" ....
2013-10-07 20:54:07.901 [info] <0.145.0> GET / [helloworld] 200 33ms
2013-10-07 20:54:10.024 [info] <0.151.0> Loading routes from "c:/Users/ola/Documents/GitHub/ErlangCodes/Erlang_chicagoboss_helloworld/helloworld/priv/helloworld.routes" ....
2013-10-07 20:54:10.027 [error] <0.145.0> GET /about/about [helloworld] 404 4ms
2013-10-07 21:02:46.190 [info] <0.7.0> Application lager started on node 'helloworld@Ola-Win8'
2013-10-07 21:02:46.237 [info] <0.66.0> Starting Boss in development mode....

2013-10-07 21:02:46.339 [info] <0.66.0> Starting master services on 'helloworld@Ola-Win8'

2013-10-07 21:02:46.365 [info] <0.7.0> Application tinymq started on node 'helloworld@Ola-Win8'
2013-10-07 21:02:47.949 [info] <0.66.0> SSL:[]

2013-10-07 21:02:47.983 [info] <0.7.0> Application boss started on node 'helloworld@Ola-Win8'
2013-10-07 21:02:47.984 [info] <0.7.0> Application helloworld started on node 'helloworld@Ola-Win8'
2013-10-07 21:02:48.020 [info] <0.151.0> Loading routes from "c:/Users/ola/Documents/GitHub/ErlangCodes/Erlang_chicagoboss_helloworld/helloworld/priv/helloworld.routes" ....
2013-10-07 21:02:56.809 [info] <0.151.0> Loading routes from "c:/Users/ola/Documents/GitHub/ErlangCodes/Erlang_chicagoboss_helloworld/helloworld/priv/helloworld.routes" ....
2013-10-07 21:02:56.867 [info] <0.133.0> GET / [helloworld] 200 58ms
2013-10-07 21:02:58.176 [info] <0.151.0> Loading routes from "c:/Users/ola/Documents/GitHub/ErlangCodes/Erlang_chicagoboss_helloworld/helloworld/priv/helloworld.routes" ....
2013-10-07 21:02:58.210 [info] <0.133.0> GET /about/about [helloworld] 200 34ms
2013-10-07 21:03:00.333 [info] <0.151.0> Loading routes from "c:/Users/ola/Documents/GitHub/ErlangCodes/Erlang_chicagoboss_helloworld/helloworld/priv/helloworld.routes" ....
2013-10-07 21:03:00.374 [info] <0.133.0> GET /index/index [helloworld] 200 41ms
2013-10-07 21:03:01.832 [info] <0.151.0> Loading routes from "c:/Users/ola/Documents/GitHub/ErlangCodes/Erlang_chicagoboss_helloworld/helloworld/priv/helloworld.routes" ....
2013-10-07 21:03:01.868 [info] <0.133.0> GET /about/about [helloworld] 200 35ms
